#
# There is insufficient memory for the Java Runtime Environment to continue.
# Native memory allocation (malloc) failed to allocate 715849728 bytes for committing reserved memory.
# Possible reasons:
#   The system is out of physical RAM or swap space
#   In 32 bit mode, the process size limit was hit
# Possible solutions:
#   Reduce memory load on the system
#   Increase physical memory or swap space
#   Check if swap backing store is full
#   Use 64 bit Java on a 64 bit OS
#   Decrease Java heap size (-Xmx/-Xms)
#   Decrease number of Java threads
#   Decrease Java thread stack sizes (-Xss)
#   Set larger code cache with -XX:ReservedCodeCacheSize=
# This output file may be truncated or incomplete.
#
#  Out of Memory Error (os_linux.cpp:2756), pid=1314, tid=139671547148032
#
# JRE version:  (7.0_76-b13) (build )
# Java VM: Java HotSpot(TM) 64-Bit Server VM (24.76-b04 mixed mode linux-amd64 compressed oops)
# Failed to write core dump. Core dumps have been disabled. To enable core dumping, try "ulimit -c unlimited" before starting Java again
#

---------------  T H R E A D  ---------------

Current thread (0x00007f07c800a000):  JavaThread "Unknown thread" [_thread_in_vm, id=1361, stack(0x00007f07d0e3f000,0x00007f07d0f40000)]

Stack: [0x00007f07d0e3f000,0x00007f07d0f40000],  sp=0x00007f07d0f3e330,  free space=1020k
Native frames: (J=compiled Java code, j=interpreted, Vv=VM code, C=native code)
V  [libjvm.so+0x9a32ba]  VMError::report_and_die()+0x2ea
V  [libjvm.so+0x497f7b]  report_vm_out_of_memory(char const*, int, unsigned long, char const*)+0x9b
V  [libjvm.so+0x81fcce]  os::Linux::commit_memory_impl(char*, unsigned long, bool)+0xfe
V  [libjvm.so+0x820219]  os::pd_commit_memory(char*, unsigned long, unsigned long, bool)+0x29
V  [libjvm.so+0x819faa]  os::commit_memory(char*, unsigned long, unsigned long, bool)+0x2a
V  [libjvm.so+0x99eac9]  VirtualSpace::expand_by(unsigned long, bool)+0x1c9
V  [libjvm.so+0x99ec4d]  VirtualSpace::initialize(ReservedSpace, unsigned long)+0xcd
V  [libjvm.so+0x57962f]  CardGeneration::CardGeneration(ReservedSpace, unsigned long, int, GenRemSet*)+0x11f
V  [libjvm.so+0x9534c3]  TenuredGeneration::TenuredGeneration(ReservedSpace, unsigned long, int, GenRemSet*)+0x83
V  [libjvm.so+0x57abbd]  GenerationSpec::init(ReservedSpace, int, GenRemSet*)+0x3bd
V  [libjvm.so+0x56afe4]  GenCollectedHeap::initialize()+0x344
V  [libjvm.so+0x97518a]  Universe::initialize_heap()+0xca
V  [libjvm.so+0x976359]  universe_init()+0x79
V  [libjvm.so+0x5b1d25]  init_globals()+0x65
V  [libjvm.so+0x95dc4d]  Threads::create_vm(JavaVMInitArgs*, bool*)+0x1ed
V  [libjvm.so+0x639fe4]  JNI_CreateJavaVM+0x74
C  [libjli.so+0x2f8e]  JavaMain+0x9e


---------------  P R O C E S S  ---------------

Java Threads: ( => current thread )

Other Threads:

=>0x00007f07c800a000 (exited) JavaThread "Unknown thread" [_thread_in_vm, id=1361, stack(0x00007f07d0e3f000,0x00007f07d0f40000)]

VM state:not at safepoint (not fully initialized)

VM Mutex/Monitor currently owned by a thread: None

GC Heap History (0 events):
No events

Deoptimization events (0 events):
No events

Internal exceptions (0 events):
No events

Events (0 events):
No events


Dynamic libraries:
00400000-00401000 r-xp 00000000 ca:01 271944                             /usr/lib/jvm/java-7-oracle/bin/java
00600000-00601000 rw-p 00000000 ca:01 271944                             /usr/lib/jvm/java-7-oracle/bin/java
0099b000-009bc000 rw-p 00000000 00:00 0                                  [heap]
b0000000-c5550000 rw-p 00000000 00:00 0 
f0000000-100000000 rw-p 00000000 00:00 0 
7f07c5000000-7f07c5270000 rwxp 00000000 00:00 0 
7f07c5270000-7f07c8027000 rw-p 00000000 00:00 0 
7f07c8027000-7f07cc000000 ---p 00000000 00:00 0 
7f07cdc49000-7f07cdf3c000 rw-p 00000000 00:00 0 
7f07cdf3c000-7f07ce111000 rw-p 00000000 00:00 0 
7f07ce111000-7f07ce112000 rw-p 00000000 00:00 0 
7f07ce112000-7f07ce12c000 r-xp 00000000 ca:01 153354                     /usr/lib/jvm/java-7-oracle/jre/lib/amd64/libzip.so
7f07ce12c000-7f07ce32c000 ---p 0001a000 ca:01 153354                     /usr/lib/jvm/java-7-oracle/jre/lib/amd64/libzip.so
7f07ce32c000-7f07ce32d000 rw-p 0001a000 ca:01 153354                     /usr/lib/jvm/java-7-oracle/jre/lib/amd64/libzip.so
7f07ce32d000-7f07ce338000 r-xp 00000000 ca:01 396046                     /lib/x86_64-linux-gnu/libnss_files-2.19.so
7f07ce338000-7f07ce537000 ---p 0000b000 ca:01 396046                     /lib/x86_64-linux-gnu/libnss_files-2.19.so
7f07ce537000-7f07ce538000 r--p 0000a000 ca:01 396046                     /lib/x86_64-linux-gnu/libnss_files-2.19.so
7f07ce538000-7f07ce539000 rw-p 0000b000 ca:01 396046                     /lib/x86_64-linux-gnu/libnss_files-2.19.so
7f07ce539000-7f07ce544000 r-xp 00000000 ca:01 396048                     /lib/x86_64-linux-gnu/libnss_nis-2.19.so
7f07ce544000-7f07ce743000 ---p 0000b000 ca:01 396048                     /lib/x86_64-linux-gnu/libnss_nis-2.19.so
7f07ce743000-7f07ce744000 r--p 0000a000 ca:01 396048                     /lib/x86_64-linux-gnu/libnss_nis-2.19.so
7f07ce744000-7f07ce745000 rw-p 0000b000 ca:01 396048                     /lib/x86_64-linux-gnu/libnss_nis-2.19.so
7f07ce745000-7f07ce75c000 r-xp 00000000 ca:01 396043                     /lib/x86_64-linux-gnu/libnsl-2.19.so
7f07ce75c000-7f07ce95b000 ---p 00017000 ca:01 396043                     /lib/x86_64-linux-gnu/libnsl-2.19.so
7f07ce95b000-7f07ce95c000 r--p 00016000 ca:01 396043                     /lib/x86_64-linux-gnu/libnsl-2.19.so
7f07ce95c000-7f07ce95d000 rw-p 00017000 ca:01 396043                     /lib/x86_64-linux-gnu/libnsl-2.19.so
7f07ce95d000-7f07ce95f000 rw-p 00000000 00:00 0 
7f07ce95f000-7f07ce968000 r-xp 00000000 ca:01 396044                     /lib/x86_64-linux-gnu/libnss_compat-2.19.so
7f07ce968000-7f07ceb67000 ---p 00009000 ca:01 396044                     /lib/x86_64-linux-gnu/libnss_compat-2.19.so
7f07ceb67000-7f07ceb68000 r--p 00008000 ca:01 396044                     /lib/x86_64-linux-gnu/libnss_compat-2.19.so
7f07ceb68000-7f07ceb69000 rw-p 00009000 ca:01 396044                     /lib/x86_64-linux-gnu/libnss_compat-2.19.so
7f07ceb69000-7f07ceb92000 r-xp 00000000 ca:01 153369                     /usr/lib/jvm/java-7-oracle/jre/lib/amd64/libjava.so
7f07ceb92000-7f07ced92000 ---p 00029000 ca:01 153369                     /usr/lib/jvm/java-7-oracle/jre/lib/amd64/libjava.so
7f07ced92000-7f07ced94000 rw-p 00029000 ca:01 153369                     /usr/lib/jvm/java-7-oracle/jre/lib/amd64/libjava.so
7f07ced94000-7f07ceda1000 r-xp 00000000 ca:01 153350                     /usr/lib/jvm/java-7-oracle/jre/lib/amd64/libverify.so
7f07ceda1000-7f07cefa0000 ---p 0000d000 ca:01 153350                     /usr/lib/jvm/java-7-oracle/jre/lib/amd64/libverify.so
7f07cefa0000-7f07cefa2000 rw-p 0000c000 ca:01 153350                     /usr/lib/jvm/java-7-oracle/jre/lib/amd64/libverify.so
7f07cefa2000-7f07cefa9000 r-xp 00000000 ca:01 396068                     /lib/x86_64-linux-gnu/librt-2.19.so
7f07cefa9000-7f07cf1a8000 ---p 00007000 ca:01 396068                     /lib/x86_64-linux-gnu/librt-2.19.so
7f07cf1a8000-7f07cf1a9000 r--p 00006000 ca:01 396068                     /lib/x86_64-linux-gnu/librt-2.19.so
7f07cf1a9000-7f07cf1aa000 rw-p 00007000 ca:01 396068                     /lib/x86_64-linux-gnu/librt-2.19.so
7f07cf1aa000-7f07cf2af000 r-xp 00000000 ca:01 396035                     /lib/x86_64-linux-gnu/libm-2.19.so
7f07cf2af000-7f07cf4ae000 ---p 00105000 ca:01 396035                     /lib/x86_64-linux-gnu/libm-2.19.so
7f07cf4ae000-7f07cf4af000 r--p 00104000 ca:01 396035                     /lib/x86_64-linux-gnu/libm-2.19.so
7f07cf4af000-7f07cf4b0000 rw-p 00105000 ca:01 396035                     /lib/x86_64-linux-gnu/libm-2.19.so
7f07cf4b0000-7f07d0025000 r-xp 00000000 ca:01 153363                     /usr/lib/jvm/java-7-oracle/jre/lib/amd64/server/libjvm.so
7f07d0025000-7f07d0225000 ---p 00b75000 ca:01 153363                     /usr/lib/jvm/java-7-oracle/jre/lib/amd64/server/libjvm.so
7f07d0225000-7f07d02e9000 rw-p 00b75000 ca:01 153363                     /usr/lib/jvm/java-7-oracle/jre/lib/amd64/server/libjvm.so
7f07d02e9000-7f07d032a000 rw-p 00000000 00:00 0 
7f07d032a000-7f07d04e5000 r-xp 00000000 ca:01 396012                     /lib/x86_64-linux-gnu/libc-2.19.so
7f07d04e5000-7f07d06e5000 ---p 001bb000 ca:01 396012                     /lib/x86_64-linux-gnu/libc-2.19.so
7f07d06e5000-7f07d06e9000 r--p 001bb000 ca:01 396012                     /lib/x86_64-linux-gnu/libc-2.19.so
7f07d06e9000-7f07d06eb000 rw-p 001bf000 ca:01 396012                     /lib/x86_64-linux-gnu/libc-2.19.so
7f07d06eb000-7f07d06f0000 rw-p 00000000 00:00 0 
7f07d06f0000-7f07d06f3000 r-xp 00000000 ca:01 396021                     /lib/x86_64-linux-gnu/libdl-2.19.so
7f07d06f3000-7f07d08f2000 ---p 00003000 ca:01 396021                     /lib/x86_64-linux-gnu/libdl-2.19.so
7f07d08f2000-7f07d08f3000 r--p 00002000 ca:01 396021                     /lib/x86_64-linux-gnu/libdl-2.19.so
7f07d08f3000-7f07d08f4000 rw-p 00003000 ca:01 396021                     /lib/x86_64-linux-gnu/libdl-2.19.so
7f07d08f4000-7f07d090a000 r-xp 00000000 ca:01 153123                     /usr/lib/jvm/java-7-oracle/lib/amd64/jli/libjli.so
7f07d090a000-7f07d0b0a000 ---p 00016000 ca:01 153123                     /usr/lib/jvm/java-7-oracle/lib/amd64/jli/libjli.so
7f07d0b0a000-7f07d0b0b000 rw-p 00016000 ca:01 153123                     /usr/lib/jvm/java-7-oracle/lib/amd64/jli/libjli.so
7f07d0b0b000-7f07d0b24000 r-xp 00000000 ca:01 396065                     /lib/x86_64-linux-gnu/libpthread-2.19.so
7f07d0b24000-7f07d0d23000 ---p 00019000 ca:01 396065                     /lib/x86_64-linux-gnu/libpthread-2.19.so
7f07d0d23000-7f07d0d24000 r--p 00018000 ca:01 396065                     /lib/x86_64-linux-gnu/libpthread-2.19.so
7f07d0d24000-7f07d0d25000 rw-p 00019000 ca:01 396065                     /lib/x86_64-linux-gnu/libpthread-2.19.so
7f07d0d25000-7f07d0d29000 rw-p 00000000 00:00 0 
7f07d0d29000-7f07d0d4c000 r-xp 00000000 ca:01 396002                     /lib/x86_64-linux-gnu/ld-2.19.so
7f07d0d77000-7f07d0d81000 rw-p 00000000 00:00 0 
7f07d0d81000-7f07d0e37000 rw-p 00000000 00:00 0 
7f07d0e37000-7f07d0e3f000 rw-s 00000000 ca:01 27076                      /tmp/hsperfdata_ubuntu/1314
7f07d0e3f000-7f07d0e42000 ---p 00000000 00:00 0 
7f07d0e42000-7f07d0f44000 rw-p 00000000 00:00 0                          [stack:1361]
7f07d0f45000-7f07d0f48000 rw-p 00000000 00:00 0 
7f07d0f48000-7f07d0f49000 r--p 00000000 00:00 0 
7f07d0f49000-7f07d0f4b000 rw-p 00000000 00:00 0 
7f07d0f4b000-7f07d0f4c000 r--p 00022000 ca:01 396002                     /lib/x86_64-linux-gnu/ld-2.19.so
7f07d0f4c000-7f07d0f4d000 rw-p 00023000 ca:01 396002                     /lib/x86_64-linux-gnu/ld-2.19.so
7f07d0f4d000-7f07d0f4e000 rw-p 00000000 00:00 0 
7fffc9d32000-7fffc9d53000 rw-p 00000000 00:00 0                          [stack]
7fffc9dfe000-7fffc9e00000 r-xp 00000000 00:00 0                          [vdso]
ffffffffff600000-ffffffffff601000 r-xp 00000000 00:00 0                  [vsyscall]

VM Arguments:
jvm_args: -Dactivator.home=/usr/share/activator -Xms1024m -Xmx1024m -XX:PermSize=64m -XX:MaxPermSize=256m 
java_command: /usr/share/activator/activator-launch-1.2.12.jar run
Launcher Type: SUN_STANDARD

Environment Variables:
JAVA_HOME=/usr/lib/jvm/java-7-oracle
PATH=/usr/local/sbin:/usr/local/bin:/usr/sbin:/usr/bin:/sbin:/bin:/usr/games:/usr/local/games:/usr/lib/jvm/java-7-oracle/bin:/usr/lib/jvm/java-7-oracle/db/bin:/usr/lib/jvm/java-7-oracle/jre/bin
SHELL=/bin/bash

Signal Handlers:
SIGSEGV: [libjvm.so+0x9a3bd0], sa_mask[0]=0x7ffbfeff, sa_flags=0x10000004
SIGBUS: [libjvm.so+0x9a3bd0], sa_mask[0]=0x7ffbfeff, sa_flags=0x10000004
SIGFPE: [libjvm.so+0x81cb60], sa_mask[0]=0x7ffbfeff, sa_flags=0x10000004
SIGPIPE: [libjvm.so+0x81cb60], sa_mask[0]=0x7ffbfeff, sa_flags=0x10000004
SIGXFSZ: [libjvm.so+0x81cb60], sa_mask[0]=0x7ffbfeff, sa_flags=0x10000004
SIGILL: [libjvm.so+0x81cb60], sa_mask[0]=0x7ffbfeff, sa_flags=0x10000004
SIGUSR1: SIG_DFL, sa_mask[0]=0x00000000, sa_flags=0x00000000
SIGUSR2: [libjvm.so+0x81e360], sa_mask[0]=0x00000000, sa_flags=0x10000004
SIGHUP: SIG_DFL, sa_mask[0]=0x00000000, sa_flags=0x00000000
SIGINT: SIG_DFL, sa_mask[0]=0x00000000, sa_flags=0x00000000
SIGTERM: SIG_DFL, sa_mask[0]=0x00000000, sa_flags=0x00000000
SIGQUIT: SIG_DFL, sa_mask[0]=0x00000000, sa_flags=0x00000000


---------------  S Y S T E M  ---------------

OS:jessie/sid

uname:Linux 3.13.0-36-generic #63-Ubuntu SMP Wed Sep 3 21:30:07 UTC 2014 x86_64
libc:glibc 2.19 NPTL 2.19 
rlimit: STACK 8192k, CORE 0k, NPROC 7861, NOFILE 4096, AS infinity
load average:0.52 0.25 0.10

/proc/meminfo:
MemTotal:        1016256 kB
MemFree:          208936 kB
Buffers:           10052 kB
Cached:           253012 kB
SwapCached:            0 kB
Active:           643692 kB
Inactive:         120844 kB
Active(anon):     501524 kB
Inactive(anon):      264 kB
Active(file):     142168 kB
Inactive(file):   120580 kB
Unevictable:           0 kB
Mlocked:               0 kB
SwapTotal:             0 kB
SwapFree:              0 kB
Dirty:               512 kB
Writeback:             0 kB
AnonPages:        501484 kB
Mapped:            22936 kB
Shmem:               340 kB
Slab:              27136 kB
SReclaimable:      17756 kB
SUnreclaim:         9380 kB
KernelStack:        1152 kB
PageTables:         3296 kB
NFS_Unstable:          0 kB
Bounce:                0 kB
WritebackTmp:          0 kB
CommitLimit:      508128 kB
Committed_AS:    1544388 kB
VmallocTotal:   34359738367 kB
VmallocUsed:        2368 kB
VmallocChunk:   34359732319 kB
HardwareCorrupted:     0 kB
AnonHugePages:    419840 kB
HugePages_Total:       0
HugePages_Free:        0
HugePages_Rsvd:        0
HugePages_Surp:        0
Hugepagesize:       2048 kB
DirectMap4k:       24576 kB
DirectMap2M:     1155072 kB


CPU:total 1 (1 cores per cpu, 1 threads per core) family 6 model 62 stepping 4, cmov, cx8, fxsr, mmx, sse, sse2, sse3, ssse3, sse4.1, sse4.2, popcnt, avx, aes, erms, tsc

/proc/cpuinfo:
processor	: 0
vendor_id	: GenuineIntel
cpu family	: 6
model		: 62
model name	: Intel(R) Xeon(R) CPU E5-2670 v2 @ 2.50GHz
stepping	: 4
microcode	: 0x416
cpu MHz		: 2500.094
cache size	: 25600 KB
physical id	: 0
siblings	: 1
core id		: 0
cpu cores	: 1
apicid		: 0
initial apicid	: 0
fpu		: yes
fpu_exception	: yes
cpuid level	: 13
wp		: yes
flags		: fpu vme de pse tsc msr pae mce cx8 apic sep mtrr pge mca cmov pat pse36 clflush mmx fxsr sse sse2 ht syscall nx rdtscp lm constant_tsc rep_good nopl xtopology eagerfpu pni pclmulqdq ssse3 cx16 pcid sse4_1 sse4_2 x2apic popcnt tsc_deadline_timer aes xsave avx f16c rdrand hypervisor lahf_lm xsaveopt fsgsbase smep erms
bogomips	: 5000.18
clflush size	: 64
cache_alignment	: 64
address sizes	: 46 bits physical, 48 bits virtual
power management:



Memory: 4k page, physical 1016256k(208936k free), swap 0k(0k free)

vm_info: Java HotSpot(TM) 64-Bit Server VM (24.76-b04) for linux-amd64 JRE (1.7.0_76-b13), built on Dec 18 2014 16:58:39 by "java_re" with gcc 4.3.0 20080428 (Red Hat 4.3.0-8)

time: Tue Jan 27 05:18:49 2015
elapsed time: 0 seconds

