#
# There is insufficient memory for the Java Runtime Environment to continue.
# Native memory allocation (malloc) failed to allocate 357892096 bytes for committing reserved memory.
# Possible reasons:
#   The system is out of physical RAM or swap space
#   In 32 bit mode, the process size limit was hit
# Possible solutions:
#   Reduce memory load on the system
#   Increase physical memory or swap space
#   Check if swap backing store is full
#   Use 64 bit Java on a 64 bit OS
#   Decrease Java heap size (-Xmx/-Xms)
#   Decrease number of Java threads
#   Decrease Java thread stack sizes (-Xss)
#   Set larger code cache with -XX:ReservedCodeCacheSize=
# This output file may be truncated or incomplete.
#
#  Out of Memory Error (os_linux.cpp:2756), pid=1322, tid=140546479769344
#
# JRE version:  (7.0_76-b13) (build )
# Java VM: Java HotSpot(TM) 64-Bit Server VM (24.76-b04 mixed mode linux-amd64 compressed oops)
# Failed to write core dump. Core dumps have been disabled. To enable core dumping, try "ulimit -c unlimited" before starting Java again
#

---------------  T H R E A D  ---------------

Current thread (0x00007fd38000a000):  JavaThread "Unknown thread" [_thread_in_vm, id=1369, stack(0x00007fd386f04000,0x00007fd387005000)]

Stack: [0x00007fd386f04000,0x00007fd387005000],  sp=0x00007fd387003400,  free space=1021k
Native frames: (J=compiled Java code, j=interpreted, Vv=VM code, C=native code)
V  [libjvm.so+0x9a32ba]  VMError::report_and_die()+0x2ea
V  [libjvm.so+0x497f7b]  report_vm_out_of_memory(char const*, int, unsigned long, char const*)+0x9b
V  [libjvm.so+0x81fcce]  os::Linux::commit_memory_impl(char*, unsigned long, bool)+0xfe
V  [libjvm.so+0x820219]  os::pd_commit_memory(char*, unsigned long, unsigned long, bool)+0x29
V  [libjvm.so+0x819faa]  os::commit_memory(char*, unsigned long, unsigned long, bool)+0x2a
V  [libjvm.so+0x99eac9]  VirtualSpace::expand_by(unsigned long, bool)+0x1c9
V  [libjvm.so+0x99ec4d]  VirtualSpace::initialize(ReservedSpace, unsigned long)+0xcd
V  [libjvm.so+0x5793ff]  Generation::Generation(ReservedSpace, unsigned long, int)+0xcf
V  [libjvm.so+0x49e4e8]  DefNewGeneration::DefNewGeneration(ReservedSpace, unsigned long, int, char const*)+0x58
V  [libjvm.so+0x57aac9]  GenerationSpec::init(ReservedSpace, int, GenRemSet*)+0x2c9
V  [libjvm.so+0x56afe4]  GenCollectedHeap::initialize()+0x344
V  [libjvm.so+0x97518a]  Universe::initialize_heap()+0xca
V  [libjvm.so+0x976359]  universe_init()+0x79
V  [libjvm.so+0x5b1d25]  init_globals()+0x65
V  [libjvm.so+0x95dc4d]  Threads::create_vm(JavaVMInitArgs*, bool*)+0x1ed
V  [libjvm.so+0x639fe4]  JNI_CreateJavaVM+0x74
C  [libjli.so+0x2f8e]  JavaMain+0x9e


---------------  P R O C E S S  ---------------

Java Threads: ( => current thread )

Other Threads:

=>0x00007fd38000a000 (exited) JavaThread "Unknown thread" [_thread_in_vm, id=1369, stack(0x00007fd386f04000,0x00007fd387005000)]

VM state:not at safepoint (not fully initialized)

VM Mutex/Monitor currently owned by a thread: None

GC Heap History (0 events):
No events

Deoptimization events (0 events):
No events

Internal exceptions (0 events):
No events

Events (0 events):
No events


Dynamic libraries:
00400000-00401000 r-xp 00000000 ca:01 271944                             /usr/lib/jvm/java-7-oracle/bin/java
00600000-00601000 rw-p 00000000 ca:01 271944                             /usr/lib/jvm/java-7-oracle/bin/java
00f90000-00fb1000 rw-p 00000000 00:00 0                                  [heap]
c5550000-100000000 rw-p 00000000 00:00 0 
7fd37cc12000-7fd37cd7f000 rw-p 00000000 00:00 0 
7fd37cd7f000-7fd37cfff000 rw-p 00000000 00:00 0 
7fd37cfff000-7fd37d000000 rw-p 00000000 00:00 0 
7fd37d000000-7fd37d270000 rwxp 00000000 00:00 0 
7fd37d270000-7fd380025000 rw-p 00000000 00:00 0 
7fd380025000-7fd384000000 ---p 00000000 00:00 0 
7fd3840fc000-7fd3841d7000 rw-p 00000000 00:00 0 
7fd3841d7000-7fd3841f1000 r-xp 00000000 ca:01 153354                     /usr/lib/jvm/java-7-oracle/jre/lib/amd64/libzip.so
7fd3841f1000-7fd3843f1000 ---p 0001a000 ca:01 153354                     /usr/lib/jvm/java-7-oracle/jre/lib/amd64/libzip.so
7fd3843f1000-7fd3843f2000 rw-p 0001a000 ca:01 153354                     /usr/lib/jvm/java-7-oracle/jre/lib/amd64/libzip.so
7fd3843f2000-7fd3843fd000 r-xp 00000000 ca:01 396046                     /lib/x86_64-linux-gnu/libnss_files-2.19.so
7fd3843fd000-7fd3845fc000 ---p 0000b000 ca:01 396046                     /lib/x86_64-linux-gnu/libnss_files-2.19.so
7fd3845fc000-7fd3845fd000 r--p 0000a000 ca:01 396046                     /lib/x86_64-linux-gnu/libnss_files-2.19.so
7fd3845fd000-7fd3845fe000 rw-p 0000b000 ca:01 396046                     /lib/x86_64-linux-gnu/libnss_files-2.19.so
7fd3845fe000-7fd384609000 r-xp 00000000 ca:01 396048                     /lib/x86_64-linux-gnu/libnss_nis-2.19.so
7fd384609000-7fd384808000 ---p 0000b000 ca:01 396048                     /lib/x86_64-linux-gnu/libnss_nis-2.19.so
7fd384808000-7fd384809000 r--p 0000a000 ca:01 396048                     /lib/x86_64-linux-gnu/libnss_nis-2.19.so
7fd384809000-7fd38480a000 rw-p 0000b000 ca:01 396048                     /lib/x86_64-linux-gnu/libnss_nis-2.19.so
7fd38480a000-7fd384821000 r-xp 00000000 ca:01 396043                     /lib/x86_64-linux-gnu/libnsl-2.19.so
7fd384821000-7fd384a20000 ---p 00017000 ca:01 396043                     /lib/x86_64-linux-gnu/libnsl-2.19.so
7fd384a20000-7fd384a21000 r--p 00016000 ca:01 396043                     /lib/x86_64-linux-gnu/libnsl-2.19.so
7fd384a21000-7fd384a22000 rw-p 00017000 ca:01 396043                     /lib/x86_64-linux-gnu/libnsl-2.19.so
7fd384a22000-7fd384a24000 rw-p 00000000 00:00 0 
7fd384a24000-7fd384a2d000 r-xp 00000000 ca:01 396044                     /lib/x86_64-linux-gnu/libnss_compat-2.19.so
7fd384a2d000-7fd384c2c000 ---p 00009000 ca:01 396044                     /lib/x86_64-linux-gnu/libnss_compat-2.19.so
7fd384c2c000-7fd384c2d000 r--p 00008000 ca:01 396044                     /lib/x86_64-linux-gnu/libnss_compat-2.19.so
7fd384c2d000-7fd384c2e000 rw-p 00009000 ca:01 396044                     /lib/x86_64-linux-gnu/libnss_compat-2.19.so
7fd384c2e000-7fd384c57000 r-xp 00000000 ca:01 153369                     /usr/lib/jvm/java-7-oracle/jre/lib/amd64/libjava.so
7fd384c57000-7fd384e57000 ---p 00029000 ca:01 153369                     /usr/lib/jvm/java-7-oracle/jre/lib/amd64/libjava.so
7fd384e57000-7fd384e59000 rw-p 00029000 ca:01 153369                     /usr/lib/jvm/java-7-oracle/jre/lib/amd64/libjava.so
7fd384e59000-7fd384e66000 r-xp 00000000 ca:01 153350                     /usr/lib/jvm/java-7-oracle/jre/lib/amd64/libverify.so
7fd384e66000-7fd385065000 ---p 0000d000 ca:01 153350                     /usr/lib/jvm/java-7-oracle/jre/lib/amd64/libverify.so
7fd385065000-7fd385067000 rw-p 0000c000 ca:01 153350                     /usr/lib/jvm/java-7-oracle/jre/lib/amd64/libverify.so
7fd385067000-7fd38506e000 r-xp 00000000 ca:01 396068                     /lib/x86_64-linux-gnu/librt-2.19.so
7fd38506e000-7fd38526d000 ---p 00007000 ca:01 396068                     /lib/x86_64-linux-gnu/librt-2.19.so
7fd38526d000-7fd38526e000 r--p 00006000 ca:01 396068                     /lib/x86_64-linux-gnu/librt-2.19.so
7fd38526e000-7fd38526f000 rw-p 00007000 ca:01 396068                     /lib/x86_64-linux-gnu/librt-2.19.so
7fd38526f000-7fd385374000 r-xp 00000000 ca:01 396035                     /lib/x86_64-linux-gnu/libm-2.19.so
7fd385374000-7fd385573000 ---p 00105000 ca:01 396035                     /lib/x86_64-linux-gnu/libm-2.19.so
7fd385573000-7fd385574000 r--p 00104000 ca:01 396035                     /lib/x86_64-linux-gnu/libm-2.19.so
7fd385574000-7fd385575000 rw-p 00105000 ca:01 396035                     /lib/x86_64-linux-gnu/libm-2.19.so
7fd385575000-7fd3860ea000 r-xp 00000000 ca:01 153363                     /usr/lib/jvm/java-7-oracle/jre/lib/amd64/server/libjvm.so
7fd3860ea000-7fd3862ea000 ---p 00b75000 ca:01 153363                     /usr/lib/jvm/java-7-oracle/jre/lib/amd64/server/libjvm.so
7fd3862ea000-7fd3863ae000 rw-p 00b75000 ca:01 153363                     /usr/lib/jvm/java-7-oracle/jre/lib/amd64/server/libjvm.so
7fd3863ae000-7fd3863ef000 rw-p 00000000 00:00 0 
7fd3863ef000-7fd3865aa000 r-xp 00000000 ca:01 396012                     /lib/x86_64-linux-gnu/libc-2.19.so
7fd3865aa000-7fd3867aa000 ---p 001bb000 ca:01 396012                     /lib/x86_64-linux-gnu/libc-2.19.so
7fd3867aa000-7fd3867ae000 r--p 001bb000 ca:01 396012                     /lib/x86_64-linux-gnu/libc-2.19.so
7fd3867ae000-7fd3867b0000 rw-p 001bf000 ca:01 396012                     /lib/x86_64-linux-gnu/libc-2.19.so
7fd3867b0000-7fd3867b5000 rw-p 00000000 00:00 0 
7fd3867b5000-7fd3867b8000 r-xp 00000000 ca:01 396021                     /lib/x86_64-linux-gnu/libdl-2.19.so
7fd3867b8000-7fd3869b7000 ---p 00003000 ca:01 396021                     /lib/x86_64-linux-gnu/libdl-2.19.so
7fd3869b7000-7fd3869b8000 r--p 00002000 ca:01 396021                     /lib/x86_64-linux-gnu/libdl-2.19.so
7fd3869b8000-7fd3869b9000 rw-p 00003000 ca:01 396021                     /lib/x86_64-linux-gnu/libdl-2.19.so
7fd3869b9000-7fd3869cf000 r-xp 00000000 ca:01 153123                     /usr/lib/jvm/java-7-oracle/lib/amd64/jli/libjli.so
7fd3869cf000-7fd386bcf000 ---p 00016000 ca:01 153123                     /usr/lib/jvm/java-7-oracle/lib/amd64/jli/libjli.so
7fd386bcf000-7fd386bd0000 rw-p 00016000 ca:01 153123                     /usr/lib/jvm/java-7-oracle/lib/amd64/jli/libjli.so
7fd386bd0000-7fd386be9000 r-xp 00000000 ca:01 396065                     /lib/x86_64-linux-gnu/libpthread-2.19.so
7fd386be9000-7fd386de8000 ---p 00019000 ca:01 396065                     /lib/x86_64-linux-gnu/libpthread-2.19.so
7fd386de8000-7fd386de9000 r--p 00018000 ca:01 396065                     /lib/x86_64-linux-gnu/libpthread-2.19.so
7fd386de9000-7fd386dea000 rw-p 00019000 ca:01 396065                     /lib/x86_64-linux-gnu/libpthread-2.19.so
7fd386dea000-7fd386dee000 rw-p 00000000 00:00 0 
7fd386dee000-7fd386e11000 r-xp 00000000 ca:01 396002                     /lib/x86_64-linux-gnu/ld-2.19.so
7fd386e3c000-7fd386e46000 rw-p 00000000 00:00 0 
7fd386e46000-7fd386efc000 rw-p 00000000 00:00 0 
7fd386efc000-7fd386f04000 rw-s 00000000 ca:01 27234                      /tmp/hsperfdata_ubuntu/1322
7fd386f04000-7fd386f07000 ---p 00000000 00:00 0 
7fd386f07000-7fd387009000 rw-p 00000000 00:00 0                          [stack:1369]
7fd38700a000-7fd38700d000 rw-p 00000000 00:00 0 
7fd38700d000-7fd38700e000 r--p 00000000 00:00 0 
7fd38700e000-7fd387010000 rw-p 00000000 00:00 0 
7fd387010000-7fd387011000 r--p 00022000 ca:01 396002                     /lib/x86_64-linux-gnu/ld-2.19.so
7fd387011000-7fd387012000 rw-p 00023000 ca:01 396002                     /lib/x86_64-linux-gnu/ld-2.19.so
7fd387012000-7fd387013000 rw-p 00000000 00:00 0 
7fffb2249000-7fffb226a000 rw-p 00000000 00:00 0                          [stack]
7fffb23bc000-7fffb23be000 r-xp 00000000 00:00 0                          [vdso]
ffffffffff600000-ffffffffff601000 r-xp 00000000 00:00 0                  [vsyscall]

VM Arguments:
jvm_args: -Dactivator.home=/usr/share/activator -Xms1024m -Xmx1024m -XX:PermSize=64m -XX:MaxPermSize=256m 
java_command: /usr/share/activator/activator-launch-1.2.12.jar run
Launcher Type: SUN_STANDARD

Environment Variables:
JAVA_HOME=/usr/lib/jvm/java-7-oracle
PATH=/usr/local/sbin:/usr/local/bin:/usr/sbin:/usr/bin:/sbin:/bin:/usr/games:/usr/local/games:/usr/lib/jvm/java-7-oracle/bin:/usr/lib/jvm/java-7-oracle/db/bin:/usr/lib/jvm/java-7-oracle/jre/bin
SHELL=/bin/bash

Signal Handlers:
SIGSEGV: [libjvm.so+0x9a3bd0], sa_mask[0]=0x7ffbfeff, sa_flags=0x10000004
SIGBUS: [libjvm.so+0x9a3bd0], sa_mask[0]=0x7ffbfeff, sa_flags=0x10000004
SIGFPE: [libjvm.so+0x81cb60], sa_mask[0]=0x7ffbfeff, sa_flags=0x10000004
SIGPIPE: [libjvm.so+0x81cb60], sa_mask[0]=0x7ffbfeff, sa_flags=0x10000004
SIGXFSZ: [libjvm.so+0x81cb60], sa_mask[0]=0x7ffbfeff, sa_flags=0x10000004
SIGILL: [libjvm.so+0x81cb60], sa_mask[0]=0x7ffbfeff, sa_flags=0x10000004
SIGUSR1: SIG_DFL, sa_mask[0]=0x00000000, sa_flags=0x00000000
SIGUSR2: [libjvm.so+0x81e360], sa_mask[0]=0x00000000, sa_flags=0x10000004
SIGHUP: SIG_DFL, sa_mask[0]=0x00000000, sa_flags=0x00000000
SIGINT: SIG_DFL, sa_mask[0]=0x00000000, sa_flags=0x00000000
SIGTERM: SIG_DFL, sa_mask[0]=0x00000000, sa_flags=0x00000000
SIGQUIT: SIG_DFL, sa_mask[0]=0x00000000, sa_flags=0x00000000


---------------  S Y S T E M  ---------------

OS:jessie/sid

uname:Linux 3.13.0-36-generic #63-Ubuntu SMP Wed Sep 3 21:30:07 UTC 2014 x86_64
libc:glibc 2.19 NPTL 2.19 
rlimit: STACK 8192k, CORE 0k, NPROC 7861, NOFILE 4096, AS infinity
load average:0.33 0.22 0.10

/proc/meminfo:
MemTotal:        1016256 kB
MemFree:          138628 kB
Buffers:           12376 kB
Cached:           224588 kB
SwapCached:            0 kB
Active:           750508 kB
Inactive:          84636 kB
Active(anon):     598292 kB
Inactive(anon):      264 kB
Active(file):     152216 kB
Inactive(file):    84372 kB
Unevictable:           0 kB
Mlocked:               0 kB
SwapTotal:             0 kB
SwapFree:              0 kB
Dirty:              1004 kB
Writeback:             0 kB
AnonPages:        598256 kB
Mapped:            29280 kB
Shmem:               336 kB
Slab:              26704 kB
SReclaimable:      17456 kB
SUnreclaim:         9248 kB
KernelStack:        1136 kB
PageTables:         3552 kB
NFS_Unstable:          0 kB
Bounce:                0 kB
WritebackTmp:          0 kB
CommitLimit:      508128 kB
Committed_AS:    1205068 kB
VmallocTotal:   34359738367 kB
VmallocUsed:        2368 kB
VmallocChunk:   34359732335 kB
HardwareCorrupted:     0 kB
AnonHugePages:    514048 kB
HugePages_Total:       0
HugePages_Free:        0
HugePages_Rsvd:        0
HugePages_Surp:        0
Hugepagesize:       2048 kB
DirectMap4k:       24576 kB
DirectMap2M:     1155072 kB


CPU:total 1 (1 cores per cpu, 1 threads per core) family 6 model 62 stepping 4, cmov, cx8, fxsr, mmx, sse, sse2, sse3, ssse3, sse4.1, sse4.2, popcnt, avx, aes, erms, tsc

/proc/cpuinfo:
processor	: 0
vendor_id	: GenuineIntel
cpu family	: 6
model		: 62
model name	: Intel(R) Xeon(R) CPU E5-2670 v2 @ 2.50GHz
stepping	: 4
microcode	: 0x416
cpu MHz		: 2500.094
cache size	: 25600 KB
physical id	: 0
siblings	: 1
core id		: 0
cpu cores	: 1
apicid		: 0
initial apicid	: 0
fpu		: yes
fpu_exception	: yes
cpuid level	: 13
wp		: yes
flags		: fpu vme de pse tsc msr pae mce cx8 apic sep mtrr pge mca cmov pat pse36 clflush mmx fxsr sse sse2 ht syscall nx rdtscp lm constant_tsc rep_good nopl xtopology eagerfpu pni pclmulqdq ssse3 cx16 pcid sse4_1 sse4_2 x2apic popcnt tsc_deadline_timer aes xsave avx f16c rdrand hypervisor lahf_lm xsaveopt fsgsbase smep erms
bogomips	: 5000.18
clflush size	: 64
cache_alignment	: 64
address sizes	: 46 bits physical, 48 bits virtual
power management:



Memory: 4k page, physical 1016256k(138628k free), swap 0k(0k free)

vm_info: Java HotSpot(TM) 64-Bit Server VM (24.76-b04) for linux-amd64 JRE (1.7.0_76-b13), built on Dec 18 2014 16:58:39 by "java_re" with gcc 4.3.0 20080428 (Red Hat 4.3.0-8)

time: Tue Jan 27 05:29:57 2015
elapsed time: 0 seconds

